<?xml version="1.0" encoding="UTF-8"?>
<testng-results skipped="0" failed="1" total="1" passed="0">
  <reporter-output>
  </reporter-output>
  <suite name="Default suite" duration-ms="37703" started-at="2018-08-16T09:18:35Z" finished-at="2018-08-16T09:19:13Z">
    <groups>
    </groups>
    <test name="Default test" duration-ms="37703" started-at="2018-08-16T09:18:35Z" finished-at="2018-08-16T09:19:13Z">
      <class name="testCases.DealsProduct">
        <test-method status="PASS" signature="setUp()[pri:0, instance:testCases.DealsProduct@14cb805]" name="setUp" is-config="true" duration-ms="141" started-at="2018-08-16T14:48:35Z" finished-at="2018-08-16T14:48:35Z">
          <reporter-output>
          </reporter-output>
        </test-method> <!-- setUp -->
        <test-method status="PASS" signature="CRMLogin()[pri:0, instance:testCases.DealsProduct@14cb805]" name="CRMLogin" is-config="true" duration-ms="27360" started-at="2018-08-16T14:48:35Z" finished-at="2018-08-16T14:49:02Z">
          <reporter-output>
          </reporter-output>
        </test-method> <!-- CRMLogin -->
        <test-method status="FAIL" signature="DealsProductWebTable()[pri:0, instance:testCases.DealsProduct@14cb805]" name="DealsProductWebTable" duration-ms="7776" started-at="2018-08-16T14:49:02Z" finished-at="2018-08-16T14:49:10Z">
          <exception class="java.lang.IndexOutOfBoundsException">
            <message>
              <![CDATA[Index: 5, Size: 5]]>
            </message>
            <full-stacktrace>
              <![CDATA[java.lang.IndexOutOfBoundsException: Index: 5, Size: 5
	at java.util.ArrayList.rangeCheck(ArrayList.java:638)
	at java.util.ArrayList.get(ArrayList.java:414)
	at testCases.DealsProduct.DealsProductWebTable(DealsProduct.java:61)
	at sun.reflect.NativeMethodAccessorImpl.invoke0(Native Method)
	at sun.reflect.NativeMethodAccessorImpl.invoke(NativeMethodAccessorImpl.java:62)
	at sun.reflect.DelegatingMethodAccessorImpl.invoke(DelegatingMethodAccessorImpl.java:43)
	at java.lang.reflect.Method.invoke(Method.java:483)
	at org.testng.internal.MethodInvocationHelper.invokeMethod(MethodInvocationHelper.java:80)
	at org.testng.internal.Invoker.invokeMethod(Invoker.java:714)
	at org.testng.internal.Invoker.invokeTestMethod(Invoker.java:901)
	at org.testng.internal.Invoker.invokeTestMethods(Invoker.java:1231)
	at org.testng.internal.TestMethodWorker.invokeTestMethods(TestMethodWorker.java:127)
	at org.testng.internal.TestMethodWorker.run(TestMethodWorker.java:111)
	at org.testng.TestRunner.privateRun(TestRunner.java:767)
	at org.testng.TestRunner.run(TestRunner.java:617)
	at org.testng.SuiteRunner.runTest(SuiteRunner.java:334)
	at org.testng.SuiteRunner.runSequentially(SuiteRunner.java:329)
	at org.testng.SuiteRunner.privateRun(SuiteRunner.java:291)
	at org.testng.SuiteRunner.run(SuiteRunner.java:240)
	at org.testng.SuiteRunnerWorker.runSuite(SuiteRunnerWorker.java:52)
	at org.testng.SuiteRunnerWorker.run(SuiteRunnerWorker.java:86)
	at org.testng.TestNG.runSuitesSequentially(TestNG.java:1198)
	at org.testng.TestNG.runSuitesLocally(TestNG.java:1123)
	at org.testng.TestNG.run(TestNG.java:1031)
	at org.testng.remote.AbstractRemoteTestNG.run(AbstractRemoteTestNG.java:114)
	at org.testng.remote.RemoteTestNG.initAndRun(RemoteTestNG.java:251)
	at org.testng.remote.RemoteTestNG.main(RemoteTestNG.java:77)
]]>
            </full-stacktrace>
          </exception> <!-- java.lang.IndexOutOfBoundsException -->
          <reporter-output>
          </reporter-output>
        </test-method> <!-- DealsProductWebTable -->
        <test-method status="PASS" signature="getResult(org.testng.ITestResult)[pri:0, instance:testCases.DealsProduct@14cb805]" name="getResult" is-config="true" duration-ms="332" started-at="2018-08-16T14:49:10Z" finished-at="2018-08-16T14:49:10Z">
          <params>
            <param index="0">
              <value>
                <![CDATA[[TestResult name=DealsProductWebTable status=FAILURE method=DealsProduct.DealsProductWebTable()[pri:0, instance:testCases.DealsProduct@14cb805] output={null}]]]>
              </value>
            </param>
          </params>
          <reporter-output>
          </reporter-output>
        </test-method> <!-- getResult -->
        <test-method status="PASS" signature="CloseApp()[pri:0, instance:testCases.DealsProduct@14cb805]" name="CloseApp" is-config="true" duration-ms="2233" started-at="2018-08-16T14:49:10Z" finished-at="2018-08-16T14:49:13Z">
          <reporter-output>
          </reporter-output>
        </test-method> <!-- CloseApp -->
        <test-method status="PASS" signature="teardown()[pri:0, instance:testCases.DealsProduct@14cb805]" name="teardown" is-config="true" duration-ms="234" started-at="2018-08-16T14:49:13Z" finished-at="2018-08-16T14:49:13Z">
          <reporter-output>
          </reporter-output>
        </test-method> <!-- teardown -->
      </class> <!-- testCases.DealsProduct -->
    </test> <!-- Default test -->
  </suite> <!-- Default suite -->
</testng-results>
